building the system configuration...
warning: Using 'builtins.toFile' to create a file named 'options.json' that references the store path '/nix/store/032jxc6idz45ayyms6vdcv8fnq0bs5vs-source' without a proper context. The resulting file will not have a correct store reference, so this is unreliable and may stop working in the future.
these 4 derivations will be built:
  /nix/store/4psjq4j75ija1lsdc7fi62i21gds4dh7-activation-script.drv
  /nix/store/x2n3bvixljgj0y8cfqx48wspr9za0vkf-home-manager-generation.drv
  /nix/store/1lxqsvg0v3la38yn2qaxb7gwlnckbl9g-activation-jevans.drv
  /nix/store/rfg1f93hhg5yka3938cjc0vm9d27sswr-darwin-system-25.11.08585aa.drv
building '/nix/store/4psjq4j75ija1lsdc7fi62i21gds4dh7-activation-script.drv'...
building '/nix/store/x2n3bvixljgj0y8cfqx48wspr9za0vkf-home-manager-generation.drv'...
building '/nix/store/1lxqsvg0v3la38yn2qaxb7gwlnckbl9g-activation-jevans.drv'...
building '/nix/store/rfg1f93hhg5yka3938cjc0vm9d27sswr-darwin-system-25.11.08585aa.drv'...
error: Cannot build '/nix/store/rfg1f93hhg5yka3938cjc0vm9d27sswr-darwin-system-25.11.08585aa.drv'.
       Reason: builder failed with exit code 1.
       Output paths:
         /nix/store/n0qvv82pimdngxlc9yf8cqdffg96zzm1-darwin-system-25.11.08585aa
       Last 7 log lines:
       >
       > In /nix/store/n0qvv82pimdngxlc9yf8cqdffg96zzm1-darwin-system-25.11.08585aa/activate line 1652:
       >   if [ $? -eq 0 ]; then
       >        ^-- SC2181 (style): Check exit code directly with e.g. 'if mycmd;', not indirectly with $?.
       >
       > For more information:
       >   https://www.shellcheck.net/wiki/SC2181 -- Check exit code directly with e.g...
       For full logs, run:
         nix log /nix/store/rfg1f93hhg5yka3938cjc0vm9d27sswr-darwin-system-25.11.08585aa.drv
